<?xml version="1.0" encoding="UTF-8"?>
<!-- Generated by org.testng.reporters.JUnitReportReporter -->
<testsuite hostname="DESKTOP-FFTQ1QM" failures="1" tests="1" name="com.testrunner.TestRunner" time="7.622" errors="0" timestamp="07 Oct 2021 19:37:52 GMT" skipped="0">
  <testcase classname="com.testrunner.TestRunner" name="runScenario" time="7.622">
    <failure message="expected [Amazon.com. Spend less. Smile more.] but found [Authentication required]" type="java.lang.AssertionError">
      <![CDATA[java.lang.AssertionError: expected [Amazon.com. Spend less. Smile more.] but found [Authentication required]
at org.testng.Assert.fail(Assert.java:96)
at org.testng.Assert.failNotEquals(Assert.java:776)
at org.testng.Assert.assertEqualsImpl(Assert.java:137)
at org.testng.Assert.assertEquals(Assert.java:118)
at org.testng.Assert.assertEquals(Assert.java:453)
at org.testng.Assert.assertEquals(Assert.java:463)
at com.stepdefinition.NewAccountSteps.the_user_can_create_new_account_sucessfully(NewAccountSteps.java:70)
at âœ½.the user can create new account sucessfully(file:///C:/Users/Vinod%20Kumar/eclipse-workspace/FixitAutomation/Feature/CreateAccount.feature:12)
]]>
    </failure>
  </testcase> <!-- runScenario -->
</testsuite> <!-- com.testrunner.TestRunner -->
